<?xml version="1.0" encoding="UTF-8"?>
<testng-results ignored="0" total="1" passed="1" failed="0" skipped="0">
  <reporter-output>
  </reporter-output>
  <suite started-at="2021-06-23T10:41:20 IST" name="Default suite" finished-at="2021-06-23T10:41:57 IST" duration-ms="36930">
    <groups>
    </groups>
    <test started-at="2021-06-23T10:41:20 IST" name="Default test" finished-at="2021-06-23T10:41:57 IST" duration-ms="36930">
      <class name="sample1.SampleTest1">
        <test-method signature="login()[pri:0, instance:sample1.SampleTest1@647fd8ce]" started-at="2021-06-23T10:41:20 IST" name="login" finished-at="2021-06-23T10:41:56 IST" duration-ms="36055" status="PASS">
          <reporter-output>
          </reporter-output>
        </test-method> <!-- login -->
      </class> <!-- sample1.SampleTest1 -->
    </test> <!-- Default test -->
  </suite> <!-- Default suite -->
</testng-results>
